[1.982s] Invoking command in '/home/jayoungh/kaiju_ws/src/data_collection': PYTHONPATH=/home/jayoungh/kaiju_ws/build/data_collection/prefix_override:/usr/lib/python3/dist-packages/colcon_core/task/python/colcon_distutils_commands:/home/jayoungh/kaiju_ws/install/data_collection/lib/python3.10/site-packages:${PYTHONPATH} /usr/bin/python3 -W ignore:setup.py install is deprecated -W ignore:easy_install command is deprecated setup.py egg_info --egg-base ../../build/data_collection build --build-base /home/jayoungh/kaiju_ws/build/data_collection/build install --record /home/jayoungh/kaiju_ws/build/data_collection/install.log --single-version-externally-managed install_data
[2.425s] running egg_info
[2.425s] creating ../../build/data_collection/data_collection.egg-info
[2.425s] writing ../../build/data_collection/data_collection.egg-info/PKG-INFO
[2.425s] writing dependency_links to ../../build/data_collection/data_collection.egg-info/dependency_links.txt
[2.425s] writing entry points to ../../build/data_collection/data_collection.egg-info/entry_points.txt
[2.425s] writing requirements to ../../build/data_collection/data_collection.egg-info/requires.txt
[2.427s] writing top-level names to ../../build/data_collection/data_collection.egg-info/top_level.txt
[2.427s] writing manifest file '../../build/data_collection/data_collection.egg-info/SOURCES.txt'
[2.434s] reading manifest file '../../build/data_collection/data_collection.egg-info/SOURCES.txt'
[2.435s] writing manifest file '../../build/data_collection/data_collection.egg-info/SOURCES.txt'
[2.436s] running build
[2.437s] running build_py
[2.438s] creating /home/jayoungh/kaiju_ws/build/data_collection/build
[2.438s] creating /home/jayoungh/kaiju_ws/build/data_collection/build/lib
[2.438s] creating /home/jayoungh/kaiju_ws/build/data_collection/build/lib/data_collection
[2.438s] copying data_collection/__init__.py -> /home/jayoungh/kaiju_ws/build/data_collection/build/lib/data_collection
[2.440s] running install
[2.442s] running install_lib
[2.445s] creating /home/jayoungh/kaiju_ws/install/data_collection/lib/python3.10/site-packages/data_collection
[2.446s] copying /home/jayoungh/kaiju_ws/build/data_collection/build/lib/data_collection/__init__.py -> /home/jayoungh/kaiju_ws/install/data_collection/lib/python3.10/site-packages/data_collection
[2.449s] byte-compiling /home/jayoungh/kaiju_ws/install/data_collection/lib/python3.10/site-packages/data_collection/__init__.py to __init__.cpython-310.pyc
[2.453s] running install_data
[2.453s] creating /home/jayoungh/kaiju_ws/install/data_collection/share/ament_index
[2.453s] creating /home/jayoungh/kaiju_ws/install/data_collection/share/ament_index/resource_index
[2.453s] creating /home/jayoungh/kaiju_ws/install/data_collection/share/ament_index/resource_index/packages
[2.453s] copying resource/data_collection -> /home/jayoungh/kaiju_ws/install/data_collection/share/ament_index/resource_index/packages
[2.453s] copying package.xml -> /home/jayoungh/kaiju_ws/install/data_collection/share/data_collection
[2.453s] running install_egg_info
[2.457s] Copying ../../build/data_collection/data_collection.egg-info to /home/jayoungh/kaiju_ws/install/data_collection/lib/python3.10/site-packages/data_collection-0.1.0-py3.10.egg-info
[2.460s] running install_scripts
[2.521s] Installing data_recorder script to /home/jayoungh/kaiju_ws/install/data_collection/bin
[2.521s] writing list of installed files to '/home/jayoungh/kaiju_ws/build/data_collection/install.log'
