[0.801s] Invoking command in '/home/jayoungh/kaiju_ws/src/vehicle_control': PYTHONPATH=/home/jayoungh/kaiju_ws/build/vehicle_control/prefix_override:/usr/lib/python3/dist-packages/colcon_core/task/python/colcon_distutils_commands:/home/jayoungh/kaiju_ws/install/vehicle_control/lib/python3.10/site-packages:${PYTHONPATH} /usr/bin/python3 -W ignore:setup.py install is deprecated -W ignore:easy_install command is deprecated setup.py egg_info --egg-base ../../build/vehicle_control build --build-base /home/jayoungh/kaiju_ws/build/vehicle_control/build install --record /home/jayoungh/kaiju_ws/build/vehicle_control/install.log --single-version-externally-managed install_data
[1.116s] running egg_info
[1.117s] writing ../../build/vehicle_control/vehicle_control.egg-info/PKG-INFO
[1.117s] writing dependency_links to ../../build/vehicle_control/vehicle_control.egg-info/dependency_links.txt
[1.118s] writing entry points to ../../build/vehicle_control/vehicle_control.egg-info/entry_points.txt
[1.118s] writing requirements to ../../build/vehicle_control/vehicle_control.egg-info/requires.txt
[1.118s] writing top-level names to ../../build/vehicle_control/vehicle_control.egg-info/top_level.txt
[1.122s] reading manifest file '../../build/vehicle_control/vehicle_control.egg-info/SOURCES.txt'
[1.124s] writing manifest file '../../build/vehicle_control/vehicle_control.egg-info/SOURCES.txt'
[1.124s] running build
[1.124s] running build_py
[1.125s] running install
[1.126s] running install_lib
[1.131s] running install_data
[1.133s] running install_egg_info
[1.135s] removing '/home/jayoungh/kaiju_ws/install/vehicle_control/lib/python3.10/site-packages/vehicle_control-0.1.0-py3.10.egg-info' (and everything under it)
[1.136s] Copying ../../build/vehicle_control/vehicle_control.egg-info to /home/jayoungh/kaiju_ws/install/vehicle_control/lib/python3.10/site-packages/vehicle_control-0.1.0-py3.10.egg-info
[1.138s] running install_scripts
[1.168s] Installing pid_controller script to /home/jayoungh/kaiju_ws/install/vehicle_control/bin
[1.168s] Installing teleop_ackermann script to /home/jayoungh/kaiju_ws/install/vehicle_control/bin
[1.169s] Installing teleop_keyboard script to /home/jayoungh/kaiju_ws/install/vehicle_control/bin
[1.169s] writing list of installed files to '/home/jayoungh/kaiju_ws/build/vehicle_control/install.log'
[1.208s] Invoked command in '/home/jayoungh/kaiju_ws/src/vehicle_control' returned '0': PYTHONPATH=/home/jayoungh/kaiju_ws/build/vehicle_control/prefix_override:/usr/lib/python3/dist-packages/colcon_core/task/python/colcon_distutils_commands:/home/jayoungh/kaiju_ws/install/vehicle_control/lib/python3.10/site-packages:${PYTHONPATH} /usr/bin/python3 -W ignore:setup.py install is deprecated -W ignore:easy_install command is deprecated setup.py egg_info --egg-base ../../build/vehicle_control build --build-base /home/jayoungh/kaiju_ws/build/vehicle_control/build install --record /home/jayoungh/kaiju_ws/build/vehicle_control/install.log --single-version-externally-managed install_data
