running egg_info
creating ../../build/ml_perception/ml_perception.egg-info
writing ../../build/ml_perception/ml_perception.egg-info/PKG-INFO
writing dependency_links to ../../build/ml_perception/ml_perception.egg-info/dependency_links.txt
writing entry points to ../../build/ml_perception/ml_perception.egg-info/entry_points.txt
writing requirements to ../../build/ml_perception/ml_perception.egg-info/requires.txt
writing top-level names to ../../build/ml_perception/ml_perception.egg-info/top_level.txt
writing manifest file '../../build/ml_perception/ml_perception.egg-info/SOURCES.txt'
reading manifest file '../../build/ml_perception/ml_perception.egg-info/SOURCES.txt'
writing manifest file '../../build/ml_perception/ml_perception.egg-info/SOURCES.txt'
running build
running build_py
creating /home/jayoungh/kaiju_ws/build/ml_perception/build
creating /home/jayoungh/kaiju_ws/build/ml_perception/build/lib
creating /home/jayoungh/kaiju_ws/build/ml_perception/build/lib/ml_perception
copying ml_perception/__init__.py -> /home/jayoungh/kaiju_ws/build/ml_perception/build/lib/ml_perception
running install
running install_lib
creating /home/jayoungh/kaiju_ws/install/ml_perception/lib/python3.10/site-packages/ml_perception
copying /home/jayoungh/kaiju_ws/build/ml_perception/build/lib/ml_perception/__init__.py -> /home/jayoungh/kaiju_ws/install/ml_perception/lib/python3.10/site-packages/ml_perception
byte-compiling /home/jayoungh/kaiju_ws/install/ml_perception/lib/python3.10/site-packages/ml_perception/__init__.py to __init__.cpython-310.pyc
running install_data
creating /home/jayoungh/kaiju_ws/install/ml_perception/share/ament_index
creating /home/jayoungh/kaiju_ws/install/ml_perception/share/ament_index/resource_index
creating /home/jayoungh/kaiju_ws/install/ml_perception/share/ament_index/resource_index/packages
copying resource/ml_perception -> /home/jayoungh/kaiju_ws/install/ml_perception/share/ament_index/resource_index/packages
copying package.xml -> /home/jayoungh/kaiju_ws/install/ml_perception/share/ml_perception
creating /home/jayoungh/kaiju_ws/install/ml_perception/share/ml_perception/launch
creating /home/jayoungh/kaiju_ws/install/ml_perception/share/ml_perception/config
running install_egg_info
Copying ../../build/ml_perception/ml_perception.egg-info to /home/jayoungh/kaiju_ws/install/ml_perception/lib/python3.10/site-packages/ml_perception-0.1.0-py3.10.egg-info
running install_scripts
Installing lane_detector script to /home/jayoungh/kaiju_ws/install/ml_perception/bin
Installing yolo_detector script to /home/jayoungh/kaiju_ws/install/ml_perception/bin
writing list of installed files to '/home/jayoungh/kaiju_ws/build/ml_perception/install.log'
