/home/jayoungh/kaiju_ws/install/vehicle_control/lib/python3.10/site-packages/vehicle_control/__init__.py
/home/jayoungh/kaiju_ws/install/vehicle_control/lib/python3.10/site-packages/vehicle_control/teleop_keyboard.py
/home/jayoungh/kaiju_ws/install/vehicle_control/lib/python3.10/site-packages/vehicle_control/pid_controller.py
/home/jayoungh/kaiju_ws/install/vehicle_control/lib/python3.10/site-packages/vehicle_control/teleop_keyboard_ackermann.py
/home/jayoungh/kaiju_ws/install/vehicle_control/lib/python3.10/site-packages/vehicle_control/__pycache__/__init__.cpython-310.pyc
/home/jayoungh/kaiju_ws/install/vehicle_control/lib/python3.10/site-packages/vehicle_control/__pycache__/teleop_keyboard.cpython-310.pyc
/home/jayoungh/kaiju_ws/install/vehicle_control/lib/python3.10/site-packages/vehicle_control/__pycache__/pid_controller.cpython-310.pyc
/home/jayoungh/kaiju_ws/install/vehicle_control/lib/python3.10/site-packages/vehicle_control/__pycache__/teleop_keyboard_ackermann.cpython-310.pyc
/home/jayoungh/kaiju_ws/install/vehicle_control/share/ament_index/resource_index/packages/vehicle_control
/home/jayoungh/kaiju_ws/install/vehicle_control/share/vehicle_control/package.xml
/home/jayoungh/kaiju_ws/install/vehicle_control/lib/python3.10/site-packages/vehicle_control-0.1.0-py3.10.egg-info/dependency_links.txt
/home/jayoungh/kaiju_ws/install/vehicle_control/lib/python3.10/site-packages/vehicle_control-0.1.0-py3.10.egg-info/entry_points.txt
/home/jayoungh/kaiju_ws/install/vehicle_control/lib/python3.10/site-packages/vehicle_control-0.1.0-py3.10.egg-info/zip-safe
/home/jayoungh/kaiju_ws/install/vehicle_control/lib/python3.10/site-packages/vehicle_control-0.1.0-py3.10.egg-info/PKG-INFO
/home/jayoungh/kaiju_ws/install/vehicle_control/lib/python3.10/site-packages/vehicle_control-0.1.0-py3.10.egg-info/requires.txt
/home/jayoungh/kaiju_ws/install/vehicle_control/lib/python3.10/site-packages/vehicle_control-0.1.0-py3.10.egg-info/top_level.txt
/home/jayoungh/kaiju_ws/install/vehicle_control/lib/python3.10/site-packages/vehicle_control-0.1.0-py3.10.egg-info/SOURCES.txt
/home/jayoungh/kaiju_ws/install/vehicle_control/bin/pid_controller
/home/jayoungh/kaiju_ws/install/vehicle_control/bin/teleop_ackermann
/home/jayoungh/kaiju_ws/install/vehicle_control/bin/teleop_keyboard
