-- Install configuration: ""
-- Installing: /home/jayoungh/kaiju_ws/install/vehicle_description/share/vehicle_description/urdf
-- Installing: /home/jayoungh/kaiju_ws/install/vehicle_description/share/vehicle_description/urdf/simple_car_with_sensors.sdf
-- Installing: /home/jayoungh/kaiju_ws/install/vehicle_description/share/vehicle_description/urdf/ackermann_car.sdf
-- Installing: /home/jayoungh/kaiju_ws/install/vehicle_description/share/vehicle_description/urdf/simple_car.urdf
-- Installing: /home/jayoungh/kaiju_ws/install/vehicle_description/share/vehicle_description/meshes
-- Installing: /home/jayoungh/kaiju_ws/install/vehicle_description/share/vehicle_description/config
-- Installing: /home/jayoungh/kaiju_ws/install/vehicle_description/share/ament_index/resource_index/package_run_dependencies/vehicle_description
-- Installing: /home/jayoungh/kaiju_ws/install/vehicle_description/share/ament_index/resource_index/parent_prefix_path/vehicle_description
-- Installing: /home/jayoungh/kaiju_ws/install/vehicle_description/share/vehicle_description/environment/ament_prefix_path.sh
-- Installing: /home/jayoungh/kaiju_ws/install/vehicle_description/share/vehicle_description/environment/ament_prefix_path.dsv
-- Installing: /home/jayoungh/kaiju_ws/install/vehicle_description/share/vehicle_description/environment/path.sh
-- Installing: /home/jayoungh/kaiju_ws/install/vehicle_description/share/vehicle_description/environment/path.dsv
-- Installing: /home/jayoungh/kaiju_ws/install/vehicle_description/share/vehicle_description/local_setup.bash
-- Installing: /home/jayoungh/kaiju_ws/install/vehicle_description/share/vehicle_description/local_setup.sh
-- Installing: /home/jayoungh/kaiju_ws/install/vehicle_description/share/vehicle_description/local_setup.zsh
-- Installing: /home/jayoungh/kaiju_ws/install/vehicle_description/share/vehicle_description/local_setup.dsv
-- Up-to-date: /home/jayoungh/kaiju_ws/install/vehicle_description/share/vehicle_description/package.dsv
-- Installing: /home/jayoungh/kaiju_ws/install/vehicle_description/share/ament_index/resource_index/packages/vehicle_description
-- Installing: /home/jayoungh/kaiju_ws/install/vehicle_description/share/vehicle_description/cmake/vehicle_descriptionConfig.cmake
-- Installing: /home/jayoungh/kaiju_ws/install/vehicle_description/share/vehicle_description/cmake/vehicle_descriptionConfig-version.cmake
-- Installing: /home/jayoungh/kaiju_ws/install/vehicle_description/share/vehicle_description/package.xml
